-- The C compiler identification is GNU 11.3.0
-- The CXX compiler identification is GNU 11.3.0
-- Detecting C compiler ABI info
-- Detecting C compiler ABI info - done
-- Check for working C compiler: /usr/bin/cc - skipped
-- Detecting C compile features
-- Detecting C compile features - done
-- Detecting CXX compiler ABI info
-- Detecting CXX compiler ABI info - done
-- Check for working CXX compiler: /usr/bin/c++ - skipped
-- Detecting CXX compile features
-- Detecting CXX compile features - done
-- Found ament_cmake: 1.3.3 (/opt/ros/humble/share/ament_cmake/cmake)
-- Found Python3: /usr/bin/python3.10 (found version "3.10.6") found components: Interpreter 
-- Found rclcpp: 16.0.4 (/opt/ros/humble/share/rclcpp/cmake)
-- Found rosidl_generator_c: 3.1.4 (/opt/ros/humble/share/rosidl_generator_c/cmake)
-- Found rosidl_adapter: 3.1.4 (/opt/ros/humble/share/rosidl_adapter/cmake)
-- Found rosidl_generator_cpp: 3.1.4 (/opt/ros/humble/share/rosidl_generator_cpp/cmake)
-- Using all available rosidl_typesupport_c: rosidl_typesupport_fastrtps_c;rosidl_typesupport_introspection_c
-- Using all available rosidl_typesupport_cpp: rosidl_typesupport_fastrtps_cpp;rosidl_typesupport_introspection_cpp
-- Found rmw_implementation_cmake: 6.1.1 (/opt/ros/humble/share/rmw_implementation_cmake/cmake)
-- Found rmw_fastrtps_cpp: 6.2.2 (/opt/ros/humble/share/rmw_fastrtps_cpp/cmake)
-- Found OpenSSL: /usr/lib/x86_64-linux-gnu/libcrypto.so (found version "3.0.2")  
-- Found FastRTPS: /opt/ros/humble/include  
-- Using RMW implementation 'rmw_fastrtps_cpp' as default
-- Looking for pthread.h
-- Looking for pthread.h - found
-- Performing Test CMAKE_HAVE_LIBC_PTHREAD
-- Performing Test CMAKE_HAVE_LIBC_PTHREAD - Success
-- Found Threads: TRUE  
-- Configuring done
-- Generating done
-- Build files have been written to: /root/minimal_error/build/my_package1
[ 50%] [32mBuilding CXX object CMakeFiles/my_package1.dir/src/my_func.cpp.o[0m
[100%] [32m[1mLinking CXX shared library libmy_package1.so[0m
[100%] Built target my_package1
-- Install configuration: ""
-- Installing: /root/minimal_error/install/my_package1/lib/libmy_package1.so
-- Installing: /root/minimal_error/install/my_package1/include
-- Installing: /root/minimal_error/install/my_package1/include/my_package1
-- Installing: /root/minimal_error/install/my_package1/include/my_package1/my_func.hpp
-- Installing: /root/minimal_error/install/my_package1/share/ament_index/resource_index/package_run_dependencies/my_package1
-- Installing: /root/minimal_error/install/my_package1/share/ament_index/resource_index/parent_prefix_path/my_package1
-- Installing: /root/minimal_error/install/my_package1/share/my_package1/environment/ament_prefix_path.sh
-- Installing: /root/minimal_error/install/my_package1/share/my_package1/environment/ament_prefix_path.dsv
-- Installing: /root/minimal_error/install/my_package1/share/my_package1/environment/path.sh
-- Installing: /root/minimal_error/install/my_package1/share/my_package1/environment/path.dsv
-- Installing: /root/minimal_error/install/my_package1/share/my_package1/local_setup.bash
-- Installing: /root/minimal_error/install/my_package1/share/my_package1/local_setup.sh
-- Installing: /root/minimal_error/install/my_package1/share/my_package1/local_setup.zsh
-- Installing: /root/minimal_error/install/my_package1/share/my_package1/local_setup.dsv
-- Installing: /root/minimal_error/install/my_package1/share/my_package1/package.dsv
-- Installing: /root/minimal_error/install/my_package1/share/ament_index/resource_index/packages/my_package1
-- Installing: /root/minimal_error/install/my_package1/share/my_package1/cmake/my_package1Config.cmake
-- Installing: /root/minimal_error/install/my_package1/share/my_package1/cmake/my_package1Config-version.cmake
-- Installing: /root/minimal_error/install/my_package1/share/my_package1/package.xml
