[0.010s] Invoking command in '/root/minimal_error/build/my_package1': CMAKE_PREFIX_PATH=/opt/ros/humble /usr/bin/cmake /root/minimal_error/src/my_package1 -DCMAKE_INSTALL_PREFIX=/root/minimal_error/install/my_package1
[0.038s] -- The C compiler identification is GNU 11.3.0
[0.069s] -- The CXX compiler identification is GNU 11.3.0
[0.073s] -- Detecting C compiler ABI info
[0.110s] -- Detecting C compiler ABI info - done
[0.115s] -- Check for working C compiler: /usr/bin/cc - skipped
[0.115s] -- Detecting C compile features
[0.115s] -- Detecting C compile features - done
[0.117s] -- Detecting CXX compiler ABI info
[0.161s] -- Detecting CXX compiler ABI info - done
[0.166s] -- Check for working CXX compiler: /usr/bin/c++ - skipped
[0.166s] -- Detecting CXX compile features
[0.166s] -- Detecting CXX compile features - done
[0.167s] -- Found ament_cmake: 1.3.3 (/opt/ros/humble/share/ament_cmake/cmake)
[0.272s] -- Found Python3: /usr/bin/python3.10 (found version "3.10.6") found components: Interpreter 
[0.331s] -- Found rclcpp: 16.0.4 (/opt/ros/humble/share/rclcpp/cmake)
[0.359s] -- Found rosidl_generator_c: 3.1.4 (/opt/ros/humble/share/rosidl_generator_c/cmake)
[0.361s] -- Found rosidl_adapter: 3.1.4 (/opt/ros/humble/share/rosidl_adapter/cmake)
[0.366s] -- Found rosidl_generator_cpp: 3.1.4 (/opt/ros/humble/share/rosidl_generator_cpp/cmake)
[0.374s] -- Using all available rosidl_typesupport_c: rosidl_typesupport_fastrtps_c;rosidl_typesupport_introspection_c
[0.386s] -- Using all available rosidl_typesupport_cpp: rosidl_typesupport_fastrtps_cpp;rosidl_typesupport_introspection_cpp
[0.430s] -- Found rmw_implementation_cmake: 6.1.1 (/opt/ros/humble/share/rmw_implementation_cmake/cmake)
[0.432s] -- Found rmw_fastrtps_cpp: 6.2.2 (/opt/ros/humble/share/rmw_fastrtps_cpp/cmake)
[0.486s] -- Found OpenSSL: /usr/lib/x86_64-linux-gnu/libcrypto.so (found version "3.0.2")  
[0.506s] -- Found FastRTPS: /opt/ros/humble/include  
[0.540s] -- Using RMW implementation 'rmw_fastrtps_cpp' as default
[0.546s] -- Looking for pthread.h
[0.584s] -- Looking for pthread.h - found
[0.585s] -- Performing Test CMAKE_HAVE_LIBC_PTHREAD
[0.626s] -- Performing Test CMAKE_HAVE_LIBC_PTHREAD - Success
[0.627s] -- Found Threads: TRUE  
[0.778s] -- Configuring done
[0.782s] -- Generating done
[0.783s] -- Build files have been written to: /root/minimal_error/build/my_package1
[0.789s] Invoked command in '/root/minimal_error/build/my_package1' returned '0': CMAKE_PREFIX_PATH=/opt/ros/humble /usr/bin/cmake /root/minimal_error/src/my_package1 -DCMAKE_INSTALL_PREFIX=/root/minimal_error/install/my_package1
[0.791s] Invoking command in '/root/minimal_error/build/my_package1': CMAKE_PREFIX_PATH=/opt/ros/humble /usr/bin/cmake --build /root/minimal_error/build/my_package1 -- -j16 -l16
[0.816s] [ 50%] [32mBuilding CXX object CMakeFiles/my_package1.dir/src/my_func.cpp.o[0m
[0.965s] [100%] [32m[1mLinking CXX shared library libmy_package1.so[0m
[1.007s] [100%] Built target my_package1
[1.013s] Invoked command in '/root/minimal_error/build/my_package1' returned '0': CMAKE_PREFIX_PATH=/opt/ros/humble /usr/bin/cmake --build /root/minimal_error/build/my_package1 -- -j16 -l16
[1.031s] Invoking command in '/root/minimal_error/build/my_package1': CMAKE_PREFIX_PATH=/opt/ros/humble /usr/bin/cmake --install /root/minimal_error/build/my_package1
[1.035s] -- Install configuration: ""
[1.035s] -- Installing: /root/minimal_error/install/my_package1/lib/libmy_package1.so
[1.036s] -- Installing: /root/minimal_error/install/my_package1/include
[1.036s] -- Installing: /root/minimal_error/install/my_package1/include/my_package1
[1.036s] -- Installing: /root/minimal_error/install/my_package1/include/my_package1/my_func.hpp
[1.036s] -- Installing: /root/minimal_error/install/my_package1/share/ament_index/resource_index/package_run_dependencies/my_package1
[1.036s] -- Installing: /root/minimal_error/install/my_package1/share/ament_index/resource_index/parent_prefix_path/my_package1
[1.036s] -- Installing: /root/minimal_error/install/my_package1/share/my_package1/environment/ament_prefix_path.sh
[1.036s] -- Installing: /root/minimal_error/install/my_package1/share/my_package1/environment/ament_prefix_path.dsv
[1.037s] -- Installing: /root/minimal_error/install/my_package1/share/my_package1/environment/path.sh
[1.037s] -- Installing: /root/minimal_error/install/my_package1/share/my_package1/environment/path.dsv
[1.037s] -- Installing: /root/minimal_error/install/my_package1/share/my_package1/local_setup.bash
[1.037s] -- Installing: /root/minimal_error/install/my_package1/share/my_package1/local_setup.sh
[1.037s] -- Installing: /root/minimal_error/install/my_package1/share/my_package1/local_setup.zsh
[1.037s] -- Installing: /root/minimal_error/install/my_package1/share/my_package1/local_setup.dsv
[1.037s] -- Installing: /root/minimal_error/install/my_package1/share/my_package1/package.dsv
[1.037s] -- Installing: /root/minimal_error/install/my_package1/share/ament_index/resource_index/packages/my_package1
[1.037s] -- Installing: /root/minimal_error/install/my_package1/share/my_package1/cmake/my_package1Config.cmake
[1.038s] -- Installing: /root/minimal_error/install/my_package1/share/my_package1/cmake/my_package1Config-version.cmake
[1.038s] -- Installing: /root/minimal_error/install/my_package1/share/my_package1/package.xml
[1.039s] Invoked command in '/root/minimal_error/build/my_package1' returned '0': CMAKE_PREFIX_PATH=/opt/ros/humble /usr/bin/cmake --install /root/minimal_error/build/my_package1
